<?xml version="1.0" encoding="UTF-8"?>
<!-- Generated by org.testng.reporters.JUnitReportReporter -->
<testsuite skipped="0" hostname="Prakat-D-002" name="com.prakat.Exide.TestScripts.ClickOnAddNew" tests="1" failures="0" timestamp="07 Jun 2019 06:05:29 GMT" time="32.291" errors="0">
  <testcase name="ClickAddNew" time="32.291" classname="com.prakat.Exide.TestScripts.ClickOnAddNew"/>
</testsuite> <!-- com.prakat.Exide.TestScripts.ClickOnAddNew -->
