<?xml version="1.0" encoding="UTF-8"?>
<!-- Generated by org.testng.reporters.JUnitReportReporter -->
<testsuite skipped="1" hostname="Prakat-D-002" name="com.prakat.Exide.TestScripts.LoginAndLogout" tests="1" failures="0" timestamp="10 Jun 2019 04:17:58 GMT" time="0.000" errors="0">
  <testcase name="LoginToExide" time="0.000" classname="com.prakat.Exide.TestScripts.LoginAndLogout">
    <skipped/>
  </testcase> <!-- LoginToExide -->
</testsuite> <!-- com.prakat.Exide.TestScripts.LoginAndLogout -->
